Determining size of bool failed with the following output:
Change Dir: /home/vagrant/code/dec_app/build/dynamorio/CMakeFiles/CMakeTmp

Run Build Command:"/usr/bin/make" "cmTryCompileExec2460275995/fast"
/usr/bin/make -f CMakeFiles/cmTryCompileExec2460275995.dir/build.make CMakeFiles/cmTryCompileExec2460275995.dir/build
make[1]: Entering directory '/home/vagrant/code/dec_app/build/dynamorio/CMakeFiles/CMakeTmp'
/usr/bin/cmake -E cmake_progress_report /home/vagrant/code/dec_app/build/dynamorio/CMakeFiles/CMakeTmp/CMakeFiles 1
Building C object CMakeFiles/cmTryCompileExec2460275995.dir/DR_DO_NOT_DEFINE_bool.c.o
/usr/bin/cc    -o CMakeFiles/cmTryCompileExec2460275995.dir/DR_DO_NOT_DEFINE_bool.c.o   -c /home/vagrant/code/dec_app/build/dynamorio/CMakeFiles/CheckTypeSize/DR_DO_NOT_DEFINE_bool.c
/home/vagrant/code/dec_app/build/dynamorio/CMakeFiles/CheckTypeSize/DR_DO_NOT_DEFINE_bool.c:17:22: error: ‘bool’ undeclared here (not in a function)
 #define SIZE (sizeof(bool))
                      ^
/home/vagrant/code/dec_app/build/dynamorio/CMakeFiles/CheckTypeSize/DR_DO_NOT_DEFINE_bool.c:19:12: note: in expansion of macro ‘SIZE’
   ('0' + ((SIZE / 10000)%10)),
            ^
CMakeFiles/cmTryCompileExec2460275995.dir/build.make:57: recipe for target 'CMakeFiles/cmTryCompileExec2460275995.dir/DR_DO_NOT_DEFINE_bool.c.o' failed
make[1]: Leaving directory '/home/vagrant/code/dec_app/build/dynamorio/CMakeFiles/CMakeTmp'
make[1]: *** [CMakeFiles/cmTryCompileExec2460275995.dir/DR_DO_NOT_DEFINE_bool.c.o] Error 1
Makefile:118: recipe for target 'cmTryCompileExec2460275995/fast' failed
make: *** [cmTryCompileExec2460275995/fast] Error 2

/home/vagrant/code/dec_app/build/dynamorio/CMakeFiles/CheckTypeSize/DR_DO_NOT_DEFINE_bool.c:
#include <sys/types.h>
#include <stdint.h>
#include <stddef.h>


#undef KEY
#if defined(__i386)
# define KEY '_','_','i','3','8','6'
#elif defined(__x86_64)
# define KEY '_','_','x','8','6','_','6','4'
#elif defined(__ppc__)
# define KEY '_','_','p','p','c','_','_'
#elif defined(__ppc64__)
# define KEY '_','_','p','p','c','6','4','_','_'
#endif

#define SIZE (sizeof(bool))
char info_size[] =  {'I', 'N', 'F', 'O', ':', 's','i','z','e','[',
  ('0' + ((SIZE / 10000)%10)),
  ('0' + ((SIZE / 1000)%10)),
  ('0' + ((SIZE / 100)%10)),
  ('0' + ((SIZE / 10)%10)),
  ('0' +  (SIZE    % 10)),
  ']',
#ifdef KEY
  ' ','k','e','y','[', KEY, ']',
#endif
  '\0'};

#ifdef __CLASSIC_C__
int main(argc, argv) int argc; char *argv[];
#else
int main(int argc, char *argv[])
#endif
{
  int require = 0;
  require += info_size[argc];
  (void)argv;
  return require;
}


Determining size of byte failed with the following output:
Change Dir: /home/vagrant/code/dec_app/build/dynamorio/CMakeFiles/CMakeTmp

Run Build Command:"/usr/bin/make" "cmTryCompileExec693191637/fast"
/usr/bin/make -f CMakeFiles/cmTryCompileExec693191637.dir/build.make CMakeFiles/cmTryCompileExec693191637.dir/build
make[1]: Entering directory '/home/vagrant/code/dec_app/build/dynamorio/CMakeFiles/CMakeTmp'
/usr/bin/cmake -E cmake_progress_report /home/vagrant/code/dec_app/build/dynamorio/CMakeFiles/CMakeTmp/CMakeFiles 1
Building C object CMakeFiles/cmTryCompileExec693191637.dir/DR_DO_NOT_DEFINE_byte.c.o
/usr/bin/cc    -o CMakeFiles/cmTryCompileExec693191637.dir/DR_DO_NOT_DEFINE_byte.c.o   -c /home/vagrant/code/dec_app/build/dynamorio/CMakeFiles/CheckTypeSize/DR_DO_NOT_DEFINE_byte.c
/home/vagrant/code/dec_app/build/dynamorio/CMakeFiles/CheckTypeSize/DR_DO_NOT_DEFINE_byte.c:17:22: error: ‘byte’ undeclared here (not in a function)
 #define SIZE (sizeof(byte))
                      ^
/home/vagrant/code/dec_app/build/dynamorio/CMakeFiles/CheckTypeSize/DR_DO_NOT_DEFINE_byte.c:19:12: note: in expansion of macro ‘SIZE’
   ('0' + ((SIZE / 10000)%10)),
            ^
CMakeFiles/cmTryCompileExec693191637.dir/build.make:57: recipe for target 'CMakeFiles/cmTryCompileExec693191637.dir/DR_DO_NOT_DEFINE_byte.c.o' failed
make[1]: Leaving directory '/home/vagrant/code/dec_app/build/dynamorio/CMakeFiles/CMakeTmp'
make[1]: *** [CMakeFiles/cmTryCompileExec693191637.dir/DR_DO_NOT_DEFINE_byte.c.o] Error 1
Makefile:118: recipe for target 'cmTryCompileExec693191637/fast' failed
make: *** [cmTryCompileExec693191637/fast] Error 2

/home/vagrant/code/dec_app/build/dynamorio/CMakeFiles/CheckTypeSize/DR_DO_NOT_DEFINE_byte.c:
#include <sys/types.h>
#include <stdint.h>
#include <stddef.h>


#undef KEY
#if defined(__i386)
# define KEY '_','_','i','3','8','6'
#elif defined(__x86_64)
# define KEY '_','_','x','8','6','_','6','4'
#elif defined(__ppc__)
# define KEY '_','_','p','p','c','_','_'
#elif defined(__ppc64__)
# define KEY '_','_','p','p','c','6','4','_','_'
#endif

#define SIZE (sizeof(byte))
char info_size[] =  {'I', 'N', 'F', 'O', ':', 's','i','z','e','[',
  ('0' + ((SIZE / 10000)%10)),
  ('0' + ((SIZE / 1000)%10)),
  ('0' + ((SIZE / 100)%10)),
  ('0' + ((SIZE / 10)%10)),
  ('0' +  (SIZE    % 10)),
  ']',
#ifdef KEY
  ' ','k','e','y','[', KEY, ']',
#endif
  '\0'};

#ifdef __CLASSIC_C__
int main(argc, argv) int argc; char *argv[];
#else
int main(int argc, char *argv[])
#endif
{
  int require = 0;
  require += info_size[argc];
  (void)argv;
  return require;
}


Determining size of sbyte failed with the following output:
Change Dir: /home/vagrant/code/dec_app/build/dynamorio/CMakeFiles/CMakeTmp

Run Build Command:"/usr/bin/make" "cmTryCompileExec255784483/fast"
/usr/bin/make -f CMakeFiles/cmTryCompileExec255784483.dir/build.make CMakeFiles/cmTryCompileExec255784483.dir/build
make[1]: Entering directory '/home/vagrant/code/dec_app/build/dynamorio/CMakeFiles/CMakeTmp'
/usr/bin/cmake -E cmake_progress_report /home/vagrant/code/dec_app/build/dynamorio/CMakeFiles/CMakeTmp/CMakeFiles 1
Building C object CMakeFiles/cmTryCompileExec255784483.dir/DR_DO_NOT_DEFINE_sbyte.c.o
/usr/bin/cc    -o CMakeFiles/cmTryCompileExec255784483.dir/DR_DO_NOT_DEFINE_sbyte.c.o   -c /home/vagrant/code/dec_app/build/dynamorio/CMakeFiles/CheckTypeSize/DR_DO_NOT_DEFINE_sbyte.c
/home/vagrant/code/dec_app/build/dynamorio/CMakeFiles/CheckTypeSize/DR_DO_NOT_DEFINE_sbyte.c:17:22: error: ‘sbyte’ undeclared here (not in a function)
 #define SIZE (sizeof(sbyte))
                      ^
/home/vagrant/code/dec_app/build/dynamorio/CMakeFiles/CheckTypeSize/DR_DO_NOT_DEFINE_sbyte.c:19:12: note: in expansion of macro ‘SIZE’
   ('0' + ((SIZE / 10000)%10)),
            ^
CMakeFiles/cmTryCompileExec255784483.dir/build.make:57: recipe for target 'CMakeFiles/cmTryCompileExec255784483.dir/DR_DO_NOT_DEFINE_sbyte.c.o' failed
make[1]: Leaving directory '/home/vagrant/code/dec_app/build/dynamorio/CMakeFiles/CMakeTmp'
make[1]: *** [CMakeFiles/cmTryCompileExec255784483.dir/DR_DO_NOT_DEFINE_sbyte.c.o] Error 1
Makefile:118: recipe for target 'cmTryCompileExec255784483/fast' failed
make: *** [cmTryCompileExec255784483/fast] Error 2

/home/vagrant/code/dec_app/build/dynamorio/CMakeFiles/CheckTypeSize/DR_DO_NOT_DEFINE_sbyte.c:
#include <sys/types.h>
#include <stdint.h>
#include <stddef.h>


#undef KEY
#if defined(__i386)
# define KEY '_','_','i','3','8','6'
#elif defined(__x86_64)
# define KEY '_','_','x','8','6','_','6','4'
#elif defined(__ppc__)
# define KEY '_','_','p','p','c','_','_'
#elif defined(__ppc64__)
# define KEY '_','_','p','p','c','6','4','_','_'
#endif

#define SIZE (sizeof(sbyte))
char info_size[] =  {'I', 'N', 'F', 'O', ':', 's','i','z','e','[',
  ('0' + ((SIZE / 10000)%10)),
  ('0' + ((SIZE / 1000)%10)),
  ('0' + ((SIZE / 100)%10)),
  ('0' + ((SIZE / 10)%10)),
  ('0' +  (SIZE    % 10)),
  ']',
#ifdef KEY
  ' ','k','e','y','[', KEY, ']',
#endif
  '\0'};

#ifdef __CLASSIC_C__
int main(argc, argv) int argc; char *argv[];
#else
int main(int argc, char *argv[])
#endif
{
  int require = 0;
  require += info_size[argc];
  (void)argv;
  return require;
}


Determining size of uint32 failed with the following output:
Change Dir: /home/vagrant/code/dec_app/build/dynamorio/CMakeFiles/CMakeTmp

Run Build Command:"/usr/bin/make" "cmTryCompileExec128694385/fast"
/usr/bin/make -f CMakeFiles/cmTryCompileExec128694385.dir/build.make CMakeFiles/cmTryCompileExec128694385.dir/build
make[1]: Entering directory '/home/vagrant/code/dec_app/build/dynamorio/CMakeFiles/CMakeTmp'
/usr/bin/cmake -E cmake_progress_report /home/vagrant/code/dec_app/build/dynamorio/CMakeFiles/CMakeTmp/CMakeFiles 1
Building C object CMakeFiles/cmTryCompileExec128694385.dir/DR_DO_NOT_DEFINE_uint32.c.o
/usr/bin/cc    -o CMakeFiles/cmTryCompileExec128694385.dir/DR_DO_NOT_DEFINE_uint32.c.o   -c /home/vagrant/code/dec_app/build/dynamorio/CMakeFiles/CheckTypeSize/DR_DO_NOT_DEFINE_uint32.c
/home/vagrant/code/dec_app/build/dynamorio/CMakeFiles/CheckTypeSize/DR_DO_NOT_DEFINE_uint32.c:17:22: error: ‘uint32’ undeclared here (not in a function)
 #define SIZE (sizeof(uint32))
                      ^
/home/vagrant/code/dec_app/build/dynamorio/CMakeFiles/CheckTypeSize/DR_DO_NOT_DEFINE_uint32.c:19:12: note: in expansion of macro ‘SIZE’
   ('0' + ((SIZE / 10000)%10)),
            ^
CMakeFiles/cmTryCompileExec128694385.dir/build.make:57: recipe for target 'CMakeFiles/cmTryCompileExec128694385.dir/DR_DO_NOT_DEFINE_uint32.c.o' failed
make[1]: Leaving directory '/home/vagrant/code/dec_app/build/dynamorio/CMakeFiles/CMakeTmp'
make[1]: *** [CMakeFiles/cmTryCompileExec128694385.dir/DR_DO_NOT_DEFINE_uint32.c.o] Error 1
Makefile:118: recipe for target 'cmTryCompileExec128694385/fast' failed
make: *** [cmTryCompileExec128694385/fast] Error 2

/home/vagrant/code/dec_app/build/dynamorio/CMakeFiles/CheckTypeSize/DR_DO_NOT_DEFINE_uint32.c:
#include <sys/types.h>
#include <stdint.h>
#include <stddef.h>


#undef KEY
#if defined(__i386)
# define KEY '_','_','i','3','8','6'
#elif defined(__x86_64)
# define KEY '_','_','x','8','6','_','6','4'
#elif defined(__ppc__)
# define KEY '_','_','p','p','c','_','_'
#elif defined(__ppc64__)
# define KEY '_','_','p','p','c','6','4','_','_'
#endif

#define SIZE (sizeof(uint32))
char info_size[] =  {'I', 'N', 'F', 'O', ':', 's','i','z','e','[',
  ('0' + ((SIZE / 10000)%10)),
  ('0' + ((SIZE / 1000)%10)),
  ('0' + ((SIZE / 100)%10)),
  ('0' + ((SIZE / 10)%10)),
  ('0' +  (SIZE    % 10)),
  ']',
#ifdef KEY
  ' ','k','e','y','[', KEY, ']',
#endif
  '\0'};

#ifdef __CLASSIC_C__
int main(argc, argv) int argc; char *argv[];
#else
int main(int argc, char *argv[])
#endif
{
  int require = 0;
  require += info_size[argc];
  (void)argv;
  return require;
}


Determining size of uint64 failed with the following output:
Change Dir: /home/vagrant/code/dec_app/build/dynamorio/CMakeFiles/CMakeTmp

Run Build Command:"/usr/bin/make" "cmTryCompileExec2292908563/fast"
/usr/bin/make -f CMakeFiles/cmTryCompileExec2292908563.dir/build.make CMakeFiles/cmTryCompileExec2292908563.dir/build
make[1]: Entering directory '/home/vagrant/code/dec_app/build/dynamorio/CMakeFiles/CMakeTmp'
/usr/bin/cmake -E cmake_progress_report /home/vagrant/code/dec_app/build/dynamorio/CMakeFiles/CMakeTmp/CMakeFiles 1
Building C object CMakeFiles/cmTryCompileExec2292908563.dir/DR_DO_NOT_DEFINE_uint64.c.o
/usr/bin/cc    -o CMakeFiles/cmTryCompileExec2292908563.dir/DR_DO_NOT_DEFINE_uint64.c.o   -c /home/vagrant/code/dec_app/build/dynamorio/CMakeFiles/CheckTypeSize/DR_DO_NOT_DEFINE_uint64.c
/home/vagrant/code/dec_app/build/dynamorio/CMakeFiles/CheckTypeSize/DR_DO_NOT_DEFINE_uint64.c:17:22: error: ‘uint64’ undeclared here (not in a function)
 #define SIZE (sizeof(uint64))
                      ^
/home/vagrant/code/dec_app/build/dynamorio/CMakeFiles/CheckTypeSize/DR_DO_NOT_DEFINE_uint64.c:19:12: note: in expansion of macro ‘SIZE’
   ('0' + ((SIZE / 10000)%10)),
            ^
CMakeFiles/cmTryCompileExec2292908563.dir/build.make:57: recipe for target 'CMakeFiles/cmTryCompileExec2292908563.dir/DR_DO_NOT_DEFINE_uint64.c.o' failed
make[1]: Leaving directory '/home/vagrant/code/dec_app/build/dynamorio/CMakeFiles/CMakeTmp'
make[1]: *** [CMakeFiles/cmTryCompileExec2292908563.dir/DR_DO_NOT_DEFINE_uint64.c.o] Error 1
Makefile:118: recipe for target 'cmTryCompileExec2292908563/fast' failed
make: *** [cmTryCompileExec2292908563/fast] Error 2

/home/vagrant/code/dec_app/build/dynamorio/CMakeFiles/CheckTypeSize/DR_DO_NOT_DEFINE_uint64.c:
#include <sys/types.h>
#include <stdint.h>
#include <stddef.h>


#undef KEY
#if defined(__i386)
# define KEY '_','_','i','3','8','6'
#elif defined(__x86_64)
# define KEY '_','_','x','8','6','_','6','4'
#elif defined(__ppc__)
# define KEY '_','_','p','p','c','_','_'
#elif defined(__ppc64__)
# define KEY '_','_','p','p','c','6','4','_','_'
#endif

#define SIZE (sizeof(uint64))
char info_size[] =  {'I', 'N', 'F', 'O', ':', 's','i','z','e','[',
  ('0' + ((SIZE / 10000)%10)),
  ('0' + ((SIZE / 1000)%10)),
  ('0' + ((SIZE / 100)%10)),
  ('0' + ((SIZE / 10)%10)),
  ('0' +  (SIZE    % 10)),
  ']',
#ifdef KEY
  ' ','k','e','y','[', KEY, ']',
#endif
  '\0'};

#ifdef __CLASSIC_C__
int main(argc, argv) int argc; char *argv[];
#else
int main(int argc, char *argv[])
#endif
{
  int require = 0;
  require += info_size[argc];
  (void)argv;
  return require;
}


Determining size of int32 failed with the following output:
Change Dir: /home/vagrant/code/dec_app/build/dynamorio/CMakeFiles/CMakeTmp

Run Build Command:"/usr/bin/make" "cmTryCompileExec3024777325/fast"
/usr/bin/make -f CMakeFiles/cmTryCompileExec3024777325.dir/build.make CMakeFiles/cmTryCompileExec3024777325.dir/build
make[1]: Entering directory '/home/vagrant/code/dec_app/build/dynamorio/CMakeFiles/CMakeTmp'
/usr/bin/cmake -E cmake_progress_report /home/vagrant/code/dec_app/build/dynamorio/CMakeFiles/CMakeTmp/CMakeFiles 1
Building C object CMakeFiles/cmTryCompileExec3024777325.dir/DR_DO_NOT_DEFINE_int32.c.o
/usr/bin/cc    -o CMakeFiles/cmTryCompileExec3024777325.dir/DR_DO_NOT_DEFINE_int32.c.o   -c /home/vagrant/code/dec_app/build/dynamorio/CMakeFiles/CheckTypeSize/DR_DO_NOT_DEFINE_int32.c
/home/vagrant/code/dec_app/build/dynamorio/CMakeFiles/CheckTypeSize/DR_DO_NOT_DEFINE_int32.c:17:22: error: ‘int32’ undeclared here (not in a function)
 #define SIZE (sizeof(int32))
                      ^
/home/vagrant/code/dec_app/build/dynamorio/CMakeFiles/CheckTypeSize/DR_DO_NOT_DEFINE_int32.c:19:12: note: in expansion of macro ‘SIZE’
   ('0' + ((SIZE / 10000)%10)),
            ^
CMakeFiles/cmTryCompileExec3024777325.dir/build.make:57: recipe for target 'CMakeFiles/cmTryCompileExec3024777325.dir/DR_DO_NOT_DEFINE_int32.c.o' failed
make[1]: Leaving directory '/home/vagrant/code/dec_app/build/dynamorio/CMakeFiles/CMakeTmp'
make[1]: *** [CMakeFiles/cmTryCompileExec3024777325.dir/DR_DO_NOT_DEFINE_int32.c.o] Error 1
Makefile:118: recipe for target 'cmTryCompileExec3024777325/fast' failed
make: *** [cmTryCompileExec3024777325/fast] Error 2

/home/vagrant/code/dec_app/build/dynamorio/CMakeFiles/CheckTypeSize/DR_DO_NOT_DEFINE_int32.c:
#include <sys/types.h>
#include <stdint.h>
#include <stddef.h>


#undef KEY
#if defined(__i386)
# define KEY '_','_','i','3','8','6'
#elif defined(__x86_64)
# define KEY '_','_','x','8','6','_','6','4'
#elif defined(__ppc__)
# define KEY '_','_','p','p','c','_','_'
#elif defined(__ppc64__)
# define KEY '_','_','p','p','c','6','4','_','_'
#endif

#define SIZE (sizeof(int32))
char info_size[] =  {'I', 'N', 'F', 'O', ':', 's','i','z','e','[',
  ('0' + ((SIZE / 10000)%10)),
  ('0' + ((SIZE / 1000)%10)),
  ('0' + ((SIZE / 100)%10)),
  ('0' + ((SIZE / 10)%10)),
  ('0' +  (SIZE    % 10)),
  ']',
#ifdef KEY
  ' ','k','e','y','[', KEY, ']',
#endif
  '\0'};

#ifdef __CLASSIC_C__
int main(argc, argv) int argc; char *argv[];
#else
int main(int argc, char *argv[])
#endif
{
  int require = 0;
  require += info_size[argc];
  (void)argv;
  return require;
}


Determining size of int64 failed with the following output:
Change Dir: /home/vagrant/code/dec_app/build/dynamorio/CMakeFiles/CMakeTmp

Run Build Command:"/usr/bin/make" "cmTryCompileExec3093173817/fast"
/usr/bin/make -f CMakeFiles/cmTryCompileExec3093173817.dir/build.make CMakeFiles/cmTryCompileExec3093173817.dir/build
make[1]: Entering directory '/home/vagrant/code/dec_app/build/dynamorio/CMakeFiles/CMakeTmp'
/usr/bin/cmake -E cmake_progress_report /home/vagrant/code/dec_app/build/dynamorio/CMakeFiles/CMakeTmp/CMakeFiles 1
Building C object CMakeFiles/cmTryCompileExec3093173817.dir/DR_DO_NOT_DEFINE_int64.c.o
/usr/bin/cc    -o CMakeFiles/cmTryCompileExec3093173817.dir/DR_DO_NOT_DEFINE_int64.c.o   -c /home/vagrant/code/dec_app/build/dynamorio/CMakeFiles/CheckTypeSize/DR_DO_NOT_DEFINE_int64.c
/home/vagrant/code/dec_app/build/dynamorio/CMakeFiles/CheckTypeSize/DR_DO_NOT_DEFINE_int64.c:17:22: error: ‘int64’ undeclared here (not in a function)
 #define SIZE (sizeof(int64))
                      ^
/home/vagrant/code/dec_app/build/dynamorio/CMakeFiles/CheckTypeSize/DR_DO_NOT_DEFINE_int64.c:19:12: note: in expansion of macro ‘SIZE’
   ('0' + ((SIZE / 10000)%10)),
            ^
CMakeFiles/cmTryCompileExec3093173817.dir/build.make:57: recipe for target 'CMakeFiles/cmTryCompileExec3093173817.dir/DR_DO_NOT_DEFINE_int64.c.o' failed
make[1]: Leaving directory '/home/vagrant/code/dec_app/build/dynamorio/CMakeFiles/CMakeTmp'
make[1]: *** [CMakeFiles/cmTryCompileExec3093173817.dir/DR_DO_NOT_DEFINE_int64.c.o] Error 1
Makefile:118: recipe for target 'cmTryCompileExec3093173817/fast' failed
make: *** [cmTryCompileExec3093173817/fast] Error 2

/home/vagrant/code/dec_app/build/dynamorio/CMakeFiles/CheckTypeSize/DR_DO_NOT_DEFINE_int64.c:
#include <sys/types.h>
#include <stdint.h>
#include <stddef.h>


#undef KEY
#if defined(__i386)
# define KEY '_','_','i','3','8','6'
#elif defined(__x86_64)
# define KEY '_','_','x','8','6','_','6','4'
#elif defined(__ppc__)
# define KEY '_','_','p','p','c','_','_'
#elif defined(__ppc64__)
# define KEY '_','_','p','p','c','6','4','_','_'
#endif

#define SIZE (sizeof(int64))
char info_size[] =  {'I', 'N', 'F', 'O', ':', 's','i','z','e','[',
  ('0' + ((SIZE / 10000)%10)),
  ('0' + ((SIZE / 1000)%10)),
  ('0' + ((SIZE / 100)%10)),
  ('0' + ((SIZE / 10)%10)),
  ('0' +  (SIZE    % 10)),
  ']',
#ifdef KEY
  ' ','k','e','y','[', KEY, ']',
#endif
  '\0'};

#ifdef __CLASSIC_C__
int main(argc, argv) int argc; char *argv[];
#else
int main(int argc, char *argv[])
#endif
{
  int require = 0;
  require += info_size[argc];
  (void)argv;
  return require;
}


